<?xml version='1.0' encoding='UTF-8'?>
<testsuite hostname="DeV" name="controllers.HomeControllerTest" tests="11" errors="0" failures="0" skipped="0" time="4.113" timestamp="2024-12-01T23:00:53">
          <properties>
[...]
</properties>
          <testcase classname="controllers.HomeControllerTest" name="testIndexWithEmptySession" time="2.915">
                      
                    </testcase><testcase classname="controllers.HomeControllerTest" name="testShowTagsSuccess" time="0.151">
                      
                    </testcase><testcase classname="controllers.HomeControllerTest" name="testShowTagsIOException" time="0.094">
                      
                    </testcase><testcase classname="controllers.HomeControllerTest" name="testChannelProfileWithIOException" time="0.085">
                      
                    </testcase><testcase classname="controllers.HomeControllerTest" name="testChannelProfileWithGenericException" time="0.216">
                      
                    </testcase><testcase classname="controllers.HomeControllerTest" name="testChannelProfileWithInvalidChannelId" time="0.118">
                      
                    </testcase><testcase classname="controllers.HomeControllerTest" name="testGetWordStatsIOException" time="0.121">
                      
                    </testcase><testcase classname="controllers.HomeControllerTest" name="testSearchWebSocket" time="0.094">
                      
                    </testcase><testcase classname="controllers.HomeControllerTest" name="testGetWordStats" time="0.079">
                      
                    </testcase><testcase classname="controllers.HomeControllerTest" name="testClearHistory" time="0.144">
                      
                    </testcase><testcase classname="controllers.HomeControllerTest" name="testChannelProfileWithValidChannelId" time="0.096">
                      
                    </testcase>
          <system-out><![CDATA[]]></system-out>
          <system-err><![CDATA[]]></system-err>
        </testsuite>